2017-11-18 23:00:45,741  INFO SpringBootTestContextBootstrapper:319 - Neither @ContextConfiguration nor @ContextHierarchy found for test class [com.example.demo.UserSpDemoApplicationTests], using SpringBootContextLoader
2017-11-18 23:00:45,755  INFO AbstractContextLoader:264 - Could not detect default resource locations for test class [com.example.demo.UserSpDemoApplicationTests]: no resource found for suffixes {-context.xml, Context.groovy}.
2017-11-18 23:00:45,922  INFO SpringBootTestContextBootstrapper:260 - Loaded default TestExecutionListener class names from location [META-INF/spring.factories]: [org.springframework.boot.test.mock.mockito.MockitoTestExecutionListener, org.springframework.boot.test.mock.mockito.ResetMocksTestExecutionListener, org.springframework.boot.test.autoconfigure.restdocs.RestDocsTestExecutionListener, org.springframework.boot.test.autoconfigure.web.client.MockRestServiceServerResetTestExecutionListener, org.springframework.boot.test.autoconfigure.web.servlet.MockMvcPrintOnlyOnFailureTestExecutionListener, org.springframework.boot.test.autoconfigure.web.servlet.WebDriverTestExecutionListener, org.springframework.test.context.web.ServletTestExecutionListener, org.springframework.test.context.support.DirtiesContextBeforeModesTestExecutionListener, org.springframework.test.context.support.DependencyInjectionTestExecutionListener, org.springframework.test.context.support.DirtiesContextTestExecutionListener, org.springframework.test.context.transaction.TransactionalTestExecutionListener, org.springframework.test.context.jdbc.SqlScriptsTestExecutionListener]
2017-11-18 23:00:45,942  INFO SpringBootTestContextBootstrapper:209 - Could not instantiate TestExecutionListener [org.springframework.test.context.transaction.TransactionalTestExecutionListener]. Specify custom listener classes or make the default listener classes (and their required dependencies) available. Offending class: [org/springframework/transaction/interceptor/TransactionAttributeSource]
2017-11-18 23:00:45,945  INFO SpringBootTestContextBootstrapper:209 - Could not instantiate TestExecutionListener [org.springframework.test.context.jdbc.SqlScriptsTestExecutionListener]. Specify custom listener classes or make the default listener classes (and their required dependencies) available. Offending class: [org/springframework/transaction/interceptor/TransactionAttribute]
2017-11-18 23:00:45,956  INFO SpringBootTestContextBootstrapper:187 - Using TestExecutionListeners: [org.springframework.test.context.web.ServletTestExecutionListener@30b8a058, org.springframework.test.context.support.DirtiesContextBeforeModesTestExecutionListener@7494e528, org.springframework.boot.test.autoconfigure.SpringBootDependencyInjectionTestExecutionListener@4bbfb90a, org.springframework.test.context.support.DirtiesContextTestExecutionListener@7c29daf3, org.springframework.boot.test.autoconfigure.web.servlet.WebDriverTestExecutionListener@9660f4e, org.springframework.boot.test.mock.mockito.MockitoTestExecutionListener@5a8806ef, org.springframework.boot.test.autoconfigure.web.client.MockRestServiceServerResetTestExecutionListener@6c49835d, org.springframework.boot.test.autoconfigure.web.servlet.MockMvcPrintOnlyOnFailureTestExecutionListener@5e853265, org.springframework.boot.test.mock.mockito.ResetMocksTestExecutionListener@67205a84, org.springframework.boot.test.autoconfigure.restdocs.RestDocsTestExecutionListener@7d0587f1]
2017-11-18 23:00:46,581  INFO UserSpDemoApplicationTests:48 - Starting UserSpDemoApplicationTests on DESKTOP-VI5MJSH with PID 10856 (started by yuxin in C:\Users\yuxin\workspace\UserSPDemo)
2017-11-18 23:00:46,582 DEBUG UserSpDemoApplicationTests:51 - Running with Spring Boot v1.5.8.RELEASE, Spring v4.3.12.RELEASE
2017-11-18 23:00:46,583  INFO UserSpDemoApplicationTests:593 - No active profile set, falling back to default profiles: default
2017-11-18 23:00:47,015  INFO GenericWebApplicationContext:583 - Refreshing org.springframework.web.context.support.GenericWebApplicationContext@6580cfdd: startup date [Sat Nov 18 23:00:47 CET 2017]; root of context hierarchy
2017-11-18 23:00:47,453  INFO Version:30 - HV000001: Hibernate Validator 5.3.5.Final
2017-11-18 23:00:51,421  INFO RequestMappingHandlerAdapter:534 - Looking for @ControllerAdvice: org.springframework.web.context.support.GenericWebApplicationContext@6580cfdd: startup date [Sat Nov 18 23:00:47 CET 2017]; root of context hierarchy
2017-11-18 23:00:51,663  INFO RequestMappingHandlerMapping:543 - Mapped "{[/users/{id}],methods=[GET]}" onto public com.example.demo.entity.User com.example.demo.controller.UserController.getUserById(java.lang.Long)
2017-11-18 23:00:51,667  INFO RequestMappingHandlerMapping:543 - Mapped "{[/users/],methods=[PUT]}" onto public java.lang.String com.example.demo.controller.UserController.updateUser(com.example.demo.entity.User)
2017-11-18 23:00:51,670  INFO RequestMappingHandlerMapping:543 - Mapped "{[/users/],methods=[GET]}" onto public java.util.List<com.example.demo.entity.User> com.example.demo.controller.UserController.getListUser()
2017-11-18 23:00:51,671  INFO RequestMappingHandlerMapping:543 - Mapped "{[/users/{id}],methods=[DELETE]}" onto public java.lang.String com.example.demo.controller.UserController.delUser(java.lang.Long)
2017-11-18 23:00:51,673  INFO RequestMappingHandlerMapping:543 - Mapped "{[/users/],methods=[POST]}" onto public java.lang.String com.example.demo.controller.UserController.addUser(com.example.demo.entity.User)
2017-11-18 23:00:51,684  INFO RequestMappingHandlerMapping:543 - Mapped "{[/error]}" onto public org.springframework.http.ResponseEntity<java.util.Map<java.lang.String, java.lang.Object>> org.springframework.boot.autoconfigure.web.BasicErrorController.error(javax.servlet.http.HttpServletRequest)
2017-11-18 23:00:51,687  INFO RequestMappingHandlerMapping:543 - Mapped "{[/error],produces=[text/html]}" onto public org.springframework.web.servlet.ModelAndView org.springframework.boot.autoconfigure.web.BasicErrorController.errorHtml(javax.servlet.http.HttpServletRequest,javax.servlet.http.HttpServletResponse)
2017-11-18 23:00:51,799  INFO SimpleUrlHandlerMapping:362 - Mapped URL path [/webjars/**] onto handler of type [class org.springframework.web.servlet.resource.ResourceHttpRequestHandler]
2017-11-18 23:00:51,799  INFO SimpleUrlHandlerMapping:362 - Mapped URL path [/**] onto handler of type [class org.springframework.web.servlet.resource.ResourceHttpRequestHandler]
2017-11-18 23:00:51,919  INFO SimpleUrlHandlerMapping:362 - Mapped URL path [/**/favicon.ico] onto handler of type [class org.springframework.web.servlet.resource.ResourceHttpRequestHandler]
2017-11-18 23:00:52,009  WARN AbstractTemplateResolverConfiguration:60 - Cannot find template location: classpath:/templates/ (please add some templates or check your Thymeleaf configuration)
2017-11-18 23:00:53,173  INFO UserSpDemoApplicationTests:57 - Started UserSpDemoApplicationTests in 7.04 seconds (JVM running for 8.185)
2017-11-18 23:00:53,274  INFO UserSpDemoApplicationTests:22 - output info
2017-11-18 23:00:53,275 DEBUG UserSpDemoApplicationTests:23 - output debug
2017-11-18 23:00:53,276 ERROR UserSpDemoApplicationTests:24 - output error
2017-11-18 23:00:53,298  INFO GenericWebApplicationContext:984 - Closing org.springframework.web.context.support.GenericWebApplicationContext@6580cfdd: startup date [Sat Nov 18 23:00:47 CET 2017]; root of context hierarchy
